<?xml version="1.0" encoding="UTF-8"?>
<testsuites name="jest tests" tests="11" failures="0" errors="0" time="11.038">
  <testsuite name="connectToMongoDB" errors="0" failures="0" skipped="0" timestamp="2024-03-12T14:45:06" time="5.956" tests="2">
    <testcase classname="connectToMongoDB should connect to MongoDB successfully" name="connectToMongoDB should connect to MongoDB successfully" time="0.042">
    </testcase>
    <testcase classname="connectToMongoDB should handle connection failure" name="connectToMongoDB should handle connection failure" time="0.005">
    </testcase>
  </testsuite>
  <testsuite name="Event Controller" errors="0" failures="0" skipped="0" timestamp="2024-03-12T14:45:06" time="6.263" tests="3">
    <testcase classname="Event Controller createEvent should create a new event" name="Event Controller createEvent should create a new event" time="0.018">
    </testcase>
    <testcase classname="Event Controller createEvent should handle validation errors" name="Event Controller createEvent should handle validation errors" time="0">
    </testcase>
    <testcase classname="Event Controller createEvent should handle errors during event creation" name="Event Controller createEvent should handle errors during event creation" time="0.001">
    </testcase>
  </testsuite>
  <testsuite name="UserController" errors="0" failures="0" skipped="0" timestamp="2024-03-12T14:45:06" time="6.354" tests="3">
    <testcase classname="UserController createUser should create a new user" name="UserController createUser should create a new user" time="0.088">
    </testcase>
    <testcase classname="UserController createUser should handle error during user creation" name="UserController createUser should handle error during user creation" time="0.068">
    </testcase>
    <testcase classname="UserController createUser should handle existing email during user creation" name="UserController createUser should handle existing email during user creation" time="0.001">
    </testcase>
  </testsuite>
  <testsuite name="Event Model" errors="0" failures="0" skipped="0" timestamp="2024-03-12T14:45:06" time="6.396" tests="2">
    <testcase classname="Event Model should create a new event with valid data" name="Event Model should create a new event with valid data" time="0.148">
    </testcase>
    <testcase classname="Event Model should not create an event without required fields" name="Event Model should not create an event without required fields" time="0.032">
    </testcase>
  </testsuite>
  <testsuite name="User Model" errors="0" failures="0" skipped="0" timestamp="2024-03-12T14:45:06" time="6.462" tests="1">
    <testcase classname="User Model should create a new user" name="User Model should create a new user" time="0.21">
    </testcase>
  </testsuite>
</testsuites>